Arguments: 
  /Users/aaronwhite/.nvm/versions/node/v14.16.1/bin/node /usr/local/Cellar/yarn/1.19.2/libexec/bin/yarn.js generate

PATH: 
  /Users/aaronwhite/.nvm/versions/node/v14.16.1/bin:/Users/aaronwhite/Library/Python/2.7/bin:/usr/local/opt/python@3.8/bin:/usr/local/opt/mysql@5.6/bin:/usr/local/bin:/usr/bin:/bin:/usr/sbin:/sbin

Yarn version: 
  1.19.2

Node version: 
  14.16.1

Platform: 
  darwin x64

Trace: 
  SyntaxError: /Users/aaronwhite/projects/ryan-elm-graphql/gql-generation3/package.json: Unexpected token / in JSON at position 556
      at JSON.parse (<anonymous>)
      at /usr/local/Cellar/yarn/1.19.2/libexec/lib/cli.js:1625:59
      at Generator.next (<anonymous>)
      at step (/usr/local/Cellar/yarn/1.19.2/libexec/lib/cli.js:304:30)
      at /usr/local/Cellar/yarn/1.19.2/libexec/lib/cli.js:315:13

npm manifest: 
  {
    "name": "elm-graphql",
    "version": "1.0.0",
    "description": "",
    "main": "index.js",
    "scripts": {
      "clean": "rm -rf ./output",
      "test": "echo \"Error: no test specified\" && exit 1",
      "build": "(cd ../elm-prefab; yarn install; cd ../gql-generation3)",
      "generate": "(yarn clean && mkdir output && cp -r templates/* output && yarn build; cd ../elm-prefab; node dist/index.js src/Generate.elm --cwd ../gql-generation3 --output output)",
      "test-generated": "(cd output ; elm make Main.elm)"
    },
    "author": "",
    "license": "ISC"
  }
  
  
  // "scripts": {
  //   "start": "npm install && npm run build",
  //   "build": "elm make src/Worker.elm --output=dist/elm.compiled.js",
  //   "clean": "rm -rf ./output",
  //   "go": "yarn clean && mkdir output && cp -r templates/* output && yarn build && node index.js $1",
  //   "test-build": "(cd output ; elm make Main.elm)",
  //   "test": "yarn go && yarn test-build"
  // },

yarn manifest: 
  No manifest

Lockfile: 
  No lockfile
